<?xml version="1.0" encoding="UTF-8"?>
<!-- Generated by org.testng.reporters.JUnitXMLReporter -->
<testsuite hostname="DESKTOP-8DVMVCJ" failures="1" tests="1" name="Test" time="85.401" errors="0" timestamp="22 Dec 2021 10:08:33 GMT">
  <testcase classname="com.mayu.Airways.CheckBooking" name="BrowserInitializatipon" time="85.256">
    <failure type="java.lang.ClassCastException" message="class org.openqa.selenium.By$ByTagName cannot be cast to class org.openqa.selenium.SearchContext (org.openqa.selenium.By$ByTagName and org.openqa.selenium.SearchContext are in unnamed module of loader &amp;apos;app&amp;apos;)">
      <![CDATA[java.lang.ClassCastException: class org.openqa.selenium.By$ByTagName cannot be cast to class org.openqa.selenium.SearchContext (org.openqa.selenium.By$ByTagName and org.openqa.selenium.SearchContext are in unnamed module of loader 'app')
	at com.mayu.Airways.AirIndiaBaggage.Linkscount(AirIndiaBaggage.java:24)
	at com.mayu.Airways.CheckBooking.BrowserInitializatipon(CheckBooking.java:39)
... Removed 28 stack frames]]>
    </failure>
  </testcase> <!-- BrowserInitializatipon -->
</testsuite> <!-- Test -->
